<?xml version="1.0" encoding="UTF-8"?>
<testng-results ignored="0" total="6" passed="5" failed="1" skipped="0">
  <reporter-output>
  </reporter-output>
  <suite started-at="2022-12-29T15:40:21Z" name="Suite" finished-at="2022-12-29T15:42:27Z" duration-ms="126448">
    <groups>
    </groups>
    <test started-at="2022-12-29T15:40:21Z" name="Test" finished-at="2022-12-29T15:42:27Z" duration-ms="126448">
      <class name="project2.scenario5">
        <test-method is-config="true" signature="OpenWebPage()[pri:0, instance:project2.scenario5@1c33c17b]" started-at="2022-12-29T15:41:37Z" name="OpenWebPage" finished-at="2022-12-29T15:41:42Z" duration-ms="5005" status="PASS">
          <reporter-output>
          </reporter-output>
        </test-method> <!-- OpenWebPage -->
        <test-method signature="adminlogin()[pri:0, instance:project2.scenario5@1c33c17b]" started-at="2022-12-29T15:41:42Z" name="adminlogin" finished-at="2022-12-29T15:41:58Z" duration-ms="16255" status="PASS">
          <reporter-output>
          </reporter-output>
        </test-method> <!-- adminlogin -->
        <test-method is-config="true" signature="Closedriver()[pri:0, instance:project2.scenario5@1c33c17b]" started-at="2022-12-29T15:41:58Z" name="Closedriver" finished-at="2022-12-29T15:41:59Z" duration-ms="111" status="PASS">
          <reporter-output>
          </reporter-output>
        </test-method> <!-- Closedriver -->
      </class> <!-- project2.scenario5 -->
      <class name="project2.scenario6">
        <test-method is-config="true" signature="OpenWebPage()[pri:0, instance:project2.scenario6@5bf0fe62]" started-at="2022-12-29T15:41:59Z" name="OpenWebPage" finished-at="2022-12-29T15:42:06Z" duration-ms="7019" status="PASS">
          <reporter-output>
          </reporter-output>
        </test-method> <!-- OpenWebPage -->
        <test-method signature="adminlogin()[pri:0, instance:project2.scenario6@5bf0fe62]" started-at="2022-12-29T15:42:06Z" name="adminlogin" finished-at="2022-12-29T15:42:27Z" duration-ms="21536" status="PASS">
          <reporter-output>
          </reporter-output>
        </test-method> <!-- adminlogin -->
        <test-method is-config="true" signature="Closedriver()[pri:0, instance:project2.scenario6@5bf0fe62]" started-at="2022-12-29T15:42:27Z" name="Closedriver" finished-at="2022-12-29T15:42:27Z" duration-ms="178" status="PASS">
          <reporter-output>
          </reporter-output>
        </test-method> <!-- Closedriver -->
      </class> <!-- project2.scenario6 -->
      <class name="project2.scenario3">
        <test-method is-config="true" signature="OpenWebPage()[pri:0, instance:project2.scenario3@3cdf2c61]" started-at="2022-12-29T15:41:09Z" name="OpenWebPage" finished-at="2022-12-29T15:41:16Z" duration-ms="7350" status="PASS">
          <reporter-output>
          </reporter-output>
        </test-method> <!-- OpenWebPage -->
        <test-method signature="pim()[pri:0, instance:project2.scenario3@3cdf2c61]" started-at="2022-12-29T15:41:16Z" name="pim" finished-at="2022-12-29T15:41:26Z" duration-ms="9358" status="FAIL">
          <exception class="org.openqa.selenium.ElementClickInterceptedException">
            <message>
              <![CDATA[element click intercepted: Element <div role="tab" class="orangehrm-tabs-wrapper" data-v-0c35ff1f="">...</div> is not clickable at point (414, 20). Other element would receive the click: <div class="oxd-topbar-header-title" data-v-1c40f28d="">...</div>
  (Session info: chrome=108.0.5359.125)
Build info: version: '4.4.0', revision: 'e5c75ed026a'
System info: host: 'PMJ', ip: '192.168.155.141', os.name: 'Windows 11', os.arch: 'amd64', os.version: '10.0', java.version: '17.0.4.1'
Driver info: org.openqa.selenium.chrome.ChromeDriver
Command: [6374397fce258d8e3174b4fe07a35c3a, clickElement {id=25f714a3-4b2b-4d15-b5e1-d6a234df94c6}]
Capabilities {acceptInsecureCerts: false, browserName: chrome, browserVersion: 108.0.5359.125, chrome: {chromedriverVersion: 108.0.5359.71 (1e0e3868ee06..., userDataDir: C:\Users\prave\AppData\Loca...}, goog:chromeOptions: {debuggerAddress: localhost:55052}, networkConnectionEnabled: false, pageLoadStrategy: normal, platformName: WINDOWS, proxy: Proxy(), se:cdp: ws://localhost:55052/devtoo..., se:cdpVersion: 108.0.5359.125, setWindowRect: true, strictFileInteractability: false, timeouts: {implicit: 0, pageLoad: 300000, script: 30000}, unhandledPromptBehavior: dismiss and notify, webauthn:extension:credBlob: true, webauthn:extension:largeBlob: true, webauthn:virtualAuthenticators: true}
Element: [[ChromeDriver: chrome on WINDOWS (6374397fce258d8e3174b4fe07a35c3a)] -> xpath: //*[@id="app"]/div[1]/div[2]/div[2]/div/div/div/div[1]/div[2]/div[2]]
Session ID: 6374397fce258d8e3174b4fe07a35c3a]]>
            </message>
            <full-stacktrace>
              <![CDATA[org.openqa.selenium.ElementClickInterceptedException: element click intercepted: Element <div role="tab" class="orangehrm-tabs-wrapper" data-v-0c35ff1f="">...</div> is not clickable at point (414, 20). Other element would receive the click: <div class="oxd-topbar-header-title" data-v-1c40f28d="">...</div>
  (Session info: chrome=108.0.5359.125)
Build info: version: '4.4.0', revision: 'e5c75ed026a'
System info: host: 'PMJ', ip: '192.168.155.141', os.name: 'Windows 11', os.arch: 'amd64', os.version: '10.0', java.version: '17.0.4.1'
Driver info: org.openqa.selenium.chrome.ChromeDriver
Command: [6374397fce258d8e3174b4fe07a35c3a, clickElement {id=25f714a3-4b2b-4d15-b5e1-d6a234df94c6}]
Capabilities {acceptInsecureCerts: false, browserName: chrome, browserVersion: 108.0.5359.125, chrome: {chromedriverVersion: 108.0.5359.71 (1e0e3868ee06..., userDataDir: C:\Users\prave\AppData\Loca...}, goog:chromeOptions: {debuggerAddress: localhost:55052}, networkConnectionEnabled: false, pageLoadStrategy: normal, platformName: WINDOWS, proxy: Proxy(), se:cdp: ws://localhost:55052/devtoo..., se:cdpVersion: 108.0.5359.125, setWindowRect: true, strictFileInteractability: false, timeouts: {implicit: 0, pageLoad: 300000, script: 30000}, unhandledPromptBehavior: dismiss and notify, webauthn:extension:credBlob: true, webauthn:extension:largeBlob: true, webauthn:virtualAuthenticators: true}
Element: [[ChromeDriver: chrome on WINDOWS (6374397fce258d8e3174b4fe07a35c3a)] -> xpath: //*[@id="app"]/div[1]/div[2]/div[2]/div/div/div/div[1]/div[2]/div[2]]
Session ID: 6374397fce258d8e3174b4fe07a35c3a
at java.base/jdk.internal.reflect.NativeConstructorAccessorImpl.newInstance0(Native Method)
at java.base/jdk.internal.reflect.NativeConstructorAccessorImpl.newInstance(NativeConstructorAccessorImpl.java:77)
at java.base/jdk.internal.reflect.DelegatingConstructorAccessorImpl.newInstance(DelegatingConstructorAccessorImpl.java:45)
at java.base/java.lang.reflect.Constructor.newInstanceWithCaller(Constructor.java:499)
at java.base/java.lang.reflect.Constructor.newInstance(Constructor.java:480)
at org.openqa.selenium.remote.codec.w3c.W3CHttpResponseCodec.createException(W3CHttpResponseCodec.java:200)
at org.openqa.selenium.remote.codec.w3c.W3CHttpResponseCodec.decode(W3CHttpResponseCodec.java:133)
at org.openqa.selenium.remote.codec.w3c.W3CHttpResponseCodec.decode(W3CHttpResponseCodec.java:53)
at org.openqa.selenium.remote.HttpCommandExecutor.execute(HttpCommandExecutor.java:184)
at org.openqa.selenium.remote.service.DriverCommandExecutor.invokeExecute(DriverCommandExecutor.java:167)
at org.openqa.selenium.remote.service.DriverCommandExecutor.execute(DriverCommandExecutor.java:142)
at org.openqa.selenium.remote.RemoteWebDriver.execute(RemoteWebDriver.java:547)
at org.openqa.selenium.remote.RemoteWebElement.execute(RemoteWebElement.java:257)
at org.openqa.selenium.remote.RemoteWebElement.click(RemoteWebElement.java:78)
at project2.scenario3.pim(scenario3.java:41)
at java.base/jdk.internal.reflect.NativeMethodAccessorImpl.invoke0(Native Method)
at java.base/jdk.internal.reflect.NativeMethodAccessorImpl.invoke(NativeMethodAccessorImpl.java:77)
at java.base/jdk.internal.reflect.DelegatingMethodAccessorImpl.invoke(DelegatingMethodAccessorImpl.java:43)
at java.base/java.lang.reflect.Method.invoke(Method.java:568)
at org.testng.internal.MethodInvocationHelper.invokeMethod(MethodInvocationHelper.java:124)
at org.testng.internal.Invoker.invokeMethod(Invoker.java:583)
at org.testng.internal.Invoker.invokeTestMethod(Invoker.java:719)
at org.testng.internal.Invoker.invokeTestMethods(Invoker.java:989)
at org.testng.internal.TestMethodWorker.invokeTestMethods(TestMethodWorker.java:125)
at org.testng.internal.TestMethodWorker.run(TestMethodWorker.java:109)
at org.testng.TestRunner.privateRun(TestRunner.java:648)
at org.testng.TestRunner.run(TestRunner.java:505)
at org.testng.SuiteRunner.runTest(SuiteRunner.java:455)
at org.testng.SuiteRunner.runSequentially(SuiteRunner.java:450)
at org.testng.SuiteRunner.privateRun(SuiteRunner.java:415)
at org.testng.SuiteRunner.run(SuiteRunner.java:364)
at org.testng.SuiteRunnerWorker.runSuite(SuiteRunnerWorker.java:52)
at org.testng.SuiteRunnerWorker.run(SuiteRunnerWorker.java:84)
at org.testng.TestNG.runSuitesSequentially(TestNG.java:1208)
at org.testng.TestNG.runSuitesLocally(TestNG.java:1137)
at org.testng.TestNG.runSuites(TestNG.java:1049)
at org.testng.TestNG.run(TestNG.java:1017)
at org.apache.maven.surefire.testng.TestNGExecutor.run(TestNGExecutor.java:324)
at org.apache.maven.surefire.testng.TestNGXmlTestSuite.execute(TestNGXmlTestSuite.java:74)
at org.apache.maven.surefire.testng.TestNGProvider.invoke(TestNGProvider.java:123)
at org.apache.maven.surefire.booter.ForkedBooter.runSuitesInProcess(ForkedBooter.java:456)
at org.apache.maven.surefire.booter.ForkedBooter.execute(ForkedBooter.java:169)
at org.apache.maven.surefire.booter.ForkedBooter.run(ForkedBooter.java:595)
at org.apache.maven.surefire.booter.ForkedBooter.main(ForkedBooter.java:581)
]]>
            </full-stacktrace>
          </exception> <!-- org.openqa.selenium.ElementClickInterceptedException -->
          <reporter-output>
          </reporter-output>
        </test-method> <!-- pim -->
        <test-method is-config="true" signature="Closedriver()[pri:0, instance:project2.scenario3@3cdf2c61]" started-at="2022-12-29T15:41:26Z" name="Closedriver" finished-at="2022-12-29T15:41:26Z" duration-ms="206" status="PASS">
          <reporter-output>
          </reporter-output>
        </test-method> <!-- Closedriver -->
      </class> <!-- project2.scenario3 -->
      <class name="project2.scenario4">
        <test-method is-config="true" signature="OpenWebPage()[pri:0, instance:project2.scenario4@13ad5cd3]" started-at="2022-12-29T15:41:26Z" name="OpenWebPage" finished-at="2022-12-29T15:41:33Z" duration-ms="7417" status="PASS">
          <reporter-output>
          </reporter-output>
        </test-method> <!-- OpenWebPage -->
        <test-method signature="adminlogin()[pri:0, instance:project2.scenario4@13ad5cd3]" started-at="2022-12-29T15:41:33Z" name="adminlogin" finished-at="2022-12-29T15:41:37Z" duration-ms="3770" status="PASS">
          <reporter-output>
          </reporter-output>
        </test-method> <!-- adminlogin -->
        <test-method is-config="true" signature="Closedriver()[pri:0, instance:project2.scenario4@13ad5cd3]" started-at="2022-12-29T15:41:37Z" name="Closedriver" finished-at="2022-12-29T15:41:37Z" duration-ms="183" status="PASS">
          <reporter-output>
          </reporter-output>
        </test-method> <!-- Closedriver -->
      </class> <!-- project2.scenario4 -->
      <class name="project2.scenario1">
        <test-method is-config="true" signature="OpenWebPage()[pri:0, instance:project2.scenario1@332796d3]" started-at="2022-12-29T15:40:21Z" name="OpenWebPage" finished-at="2022-12-29T15:40:28Z" duration-ms="7298" status="PASS">
          <reporter-output>
          </reporter-output>
        </test-method> <!-- OpenWebPage -->
        <test-method signature="adminlogin()[pri:0, instance:project2.scenario1@332796d3]" started-at="2022-12-29T15:40:28Z" name="adminlogin" finished-at="2022-12-29T15:40:33Z" duration-ms="4912" status="PASS">
          <reporter-output>
          </reporter-output>
        </test-method> <!-- adminlogin -->
        <test-method is-config="true" signature="Closedriver()[pri:0, instance:project2.scenario1@332796d3]" started-at="2022-12-29T15:40:33Z" name="Closedriver" finished-at="2022-12-29T15:40:33Z" duration-ms="191" status="PASS">
          <reporter-output>
          </reporter-output>
        </test-method> <!-- Closedriver -->
      </class> <!-- project2.scenario1 -->
      <class name="project2.scenario2">
        <test-method is-config="true" signature="OpenWebPage()[pri:0, instance:project2.scenario2@4f0100a7]" started-at="2022-12-29T15:40:33Z" name="OpenWebPage" finished-at="2022-12-29T15:40:39Z" duration-ms="5630" status="PASS">
          <reporter-output>
          </reporter-output>
        </test-method> <!-- OpenWebPage -->
        <test-method signature="pim()[pri:0, instance:project2.scenario2@4f0100a7]" started-at="2022-12-29T15:40:39Z" name="pim" finished-at="2022-12-29T15:41:09Z" duration-ms="29864" status="PASS">
          <reporter-output>
          </reporter-output>
        </test-method> <!-- pim -->
        <test-method is-config="true" signature="Closedriver()[pri:0, instance:project2.scenario2@4f0100a7]" started-at="2022-12-29T15:41:09Z" name="Closedriver" finished-at="2022-12-29T15:41:09Z" duration-ms="125" status="PASS">
          <reporter-output>
          </reporter-output>
        </test-method> <!-- Closedriver -->
      </class> <!-- project2.scenario2 -->
    </test> <!-- Test -->
  </suite> <!-- Suite -->
</testng-results>
