<?xml version="1.0" encoding="UTF-8"?>
<testng-results ignored="0" total="6" passed="5" failed="1" skipped="0">
  <reporter-output>
  </reporter-output>
  <suite started-at="2022-12-29T15:37:18Z" name="Suite" finished-at="2022-12-29T15:39:28Z" duration-ms="130371">
    <groups>
    </groups>
    <test started-at="2022-12-29T15:37:18Z" name="Test" finished-at="2022-12-29T15:39:28Z" duration-ms="130371">
      <class name="project2.scenario5">
        <test-method is-config="true" signature="OpenWebPage()[pri:0, instance:project2.scenario5@d41f816]" started-at="2022-12-29T15:38:37Z" name="OpenWebPage" finished-at="2022-12-29T15:38:44Z" duration-ms="7274" status="PASS">
          <reporter-output>
          </reporter-output>
        </test-method> <!-- OpenWebPage -->
        <test-method signature="adminlogin()[pri:0, instance:project2.scenario5@d41f816]" started-at="2022-12-29T15:38:44Z" name="adminlogin" finished-at="2022-12-29T15:39:01Z" duration-ms="16486" status="PASS">
          <reporter-output>
          </reporter-output>
        </test-method> <!-- adminlogin -->
        <test-method is-config="true" signature="Closedriver()[pri:0, instance:project2.scenario5@d41f816]" started-at="2022-12-29T15:39:01Z" name="Closedriver" finished-at="2022-12-29T15:39:01Z" duration-ms="193" status="PASS">
          <reporter-output>
          </reporter-output>
        </test-method> <!-- Closedriver -->
      </class> <!-- project2.scenario5 -->
      <class name="project2.scenario6">
        <test-method is-config="true" signature="OpenWebPage()[pri:0, instance:project2.scenario6@5c2375a9]" started-at="2022-12-29T15:39:01Z" name="OpenWebPage" finished-at="2022-12-29T15:39:07Z" duration-ms="6120" status="PASS">
          <reporter-output>
          </reporter-output>
        </test-method> <!-- OpenWebPage -->
        <test-method signature="adminlogin()[pri:0, instance:project2.scenario6@5c2375a9]" started-at="2022-12-29T15:39:07Z" name="adminlogin" finished-at="2022-12-29T15:39:28Z" duration-ms="21142" status="PASS">
          <reporter-output>
          </reporter-output>
        </test-method> <!-- adminlogin -->
        <test-method is-config="true" signature="Closedriver()[pri:0, instance:project2.scenario6@5c2375a9]" started-at="2022-12-29T15:39:28Z" name="Closedriver" finished-at="2022-12-29T15:39:28Z" duration-ms="193" status="PASS">
          <reporter-output>
          </reporter-output>
        </test-method> <!-- Closedriver -->
      </class> <!-- project2.scenario6 -->
      <class name="project2.scenario3">
        <test-method is-config="true" signature="OpenWebPage()[pri:0, instance:project2.scenario3@600b90df]" started-at="2022-12-29T15:38:13Z" name="OpenWebPage" finished-at="2022-12-29T15:38:19Z" duration-ms="5603" status="PASS">
          <reporter-output>
          </reporter-output>
        </test-method> <!-- OpenWebPage -->
        <test-method signature="pim()[pri:0, instance:project2.scenario3@600b90df]" started-at="2022-12-29T15:38:19Z" name="pim" finished-at="2022-12-29T15:38:28Z" duration-ms="8908" status="FAIL">
          <exception class="org.openqa.selenium.ElementClickInterceptedException">
            <message>
              <![CDATA[element click intercepted: Element <div role="tab" class="orangehrm-tabs-wrapper" data-v-0c35ff1f="">...</div> is not clickable at point (414, 20). Other element would receive the click: <div class="oxd-topbar-header-title" data-v-1c40f28d="">...</div>
  (Session info: chrome=108.0.5359.125)
Build info: version: '4.4.0', revision: 'e5c75ed026a'
System info: host: 'PMJ', ip: '192.168.155.141', os.name: 'Windows 11', os.arch: 'amd64', os.version: '10.0', java.version: '17.0.4.1'
Driver info: org.openqa.selenium.chrome.ChromeDriver
Command: [a2175066b586b1aacadda78bcba16be3, clickElement {id=26cbc8d6-322d-45fe-89cc-0a304d05dca9}]
Capabilities {acceptInsecureCerts: false, browserName: chrome, browserVersion: 108.0.5359.125, chrome: {chromedriverVersion: 108.0.5359.71 (1e0e3868ee06..., userDataDir: C:\Users\prave\AppData\Loca...}, goog:chromeOptions: {debuggerAddress: localhost:54830}, networkConnectionEnabled: false, pageLoadStrategy: normal, platformName: WINDOWS, proxy: Proxy(), se:cdp: ws://localhost:54830/devtoo..., se:cdpVersion: 108.0.5359.125, setWindowRect: true, strictFileInteractability: false, timeouts: {implicit: 0, pageLoad: 300000, script: 30000}, unhandledPromptBehavior: dismiss and notify, webauthn:extension:credBlob: true, webauthn:extension:largeBlob: true, webauthn:virtualAuthenticators: true}
Element: [[ChromeDriver: chrome on WINDOWS (a2175066b586b1aacadda78bcba16be3)] -> xpath: //*[@id="app"]/div[1]/div[2]/div[2]/div/div/div/div[1]/div[2]/div[2]]
Session ID: a2175066b586b1aacadda78bcba16be3]]>
            </message>
            <full-stacktrace>
              <![CDATA[org.openqa.selenium.ElementClickInterceptedException: element click intercepted: Element <div role="tab" class="orangehrm-tabs-wrapper" data-v-0c35ff1f="">...</div> is not clickable at point (414, 20). Other element would receive the click: <div class="oxd-topbar-header-title" data-v-1c40f28d="">...</div>
  (Session info: chrome=108.0.5359.125)
Build info: version: '4.4.0', revision: 'e5c75ed026a'
System info: host: 'PMJ', ip: '192.168.155.141', os.name: 'Windows 11', os.arch: 'amd64', os.version: '10.0', java.version: '17.0.4.1'
Driver info: org.openqa.selenium.chrome.ChromeDriver
Command: [a2175066b586b1aacadda78bcba16be3, clickElement {id=26cbc8d6-322d-45fe-89cc-0a304d05dca9}]
Capabilities {acceptInsecureCerts: false, browserName: chrome, browserVersion: 108.0.5359.125, chrome: {chromedriverVersion: 108.0.5359.71 (1e0e3868ee06..., userDataDir: C:\Users\prave\AppData\Loca...}, goog:chromeOptions: {debuggerAddress: localhost:54830}, networkConnectionEnabled: false, pageLoadStrategy: normal, platformName: WINDOWS, proxy: Proxy(), se:cdp: ws://localhost:54830/devtoo..., se:cdpVersion: 108.0.5359.125, setWindowRect: true, strictFileInteractability: false, timeouts: {implicit: 0, pageLoad: 300000, script: 30000}, unhandledPromptBehavior: dismiss and notify, webauthn:extension:credBlob: true, webauthn:extension:largeBlob: true, webauthn:virtualAuthenticators: true}
Element: [[ChromeDriver: chrome on WINDOWS (a2175066b586b1aacadda78bcba16be3)] -> xpath: //*[@id="app"]/div[1]/div[2]/div[2]/div/div/div/div[1]/div[2]/div[2]]
Session ID: a2175066b586b1aacadda78bcba16be3
at java.base/jdk.internal.reflect.NativeConstructorAccessorImpl.newInstance0(Native Method)
at java.base/jdk.internal.reflect.NativeConstructorAccessorImpl.newInstance(NativeConstructorAccessorImpl.java:77)
at java.base/jdk.internal.reflect.DelegatingConstructorAccessorImpl.newInstance(DelegatingConstructorAccessorImpl.java:45)
at java.base/java.lang.reflect.Constructor.newInstanceWithCaller(Constructor.java:499)
at java.base/java.lang.reflect.Constructor.newInstance(Constructor.java:480)
at org.openqa.selenium.remote.codec.w3c.W3CHttpResponseCodec.createException(W3CHttpResponseCodec.java:200)
at org.openqa.selenium.remote.codec.w3c.W3CHttpResponseCodec.decode(W3CHttpResponseCodec.java:133)
at org.openqa.selenium.remote.codec.w3c.W3CHttpResponseCodec.decode(W3CHttpResponseCodec.java:53)
at org.openqa.selenium.remote.HttpCommandExecutor.execute(HttpCommandExecutor.java:184)
at org.openqa.selenium.remote.service.DriverCommandExecutor.invokeExecute(DriverCommandExecutor.java:167)
at org.openqa.selenium.remote.service.DriverCommandExecutor.execute(DriverCommandExecutor.java:142)
at org.openqa.selenium.remote.RemoteWebDriver.execute(RemoteWebDriver.java:547)
at org.openqa.selenium.remote.RemoteWebElement.execute(RemoteWebElement.java:257)
at org.openqa.selenium.remote.RemoteWebElement.click(RemoteWebElement.java:78)
at project2.scenario3.pim(scenario3.java:41)
at java.base/jdk.internal.reflect.NativeMethodAccessorImpl.invoke0(Native Method)
at java.base/jdk.internal.reflect.NativeMethodAccessorImpl.invoke(NativeMethodAccessorImpl.java:77)
at java.base/jdk.internal.reflect.DelegatingMethodAccessorImpl.invoke(DelegatingMethodAccessorImpl.java:43)
at java.base/java.lang.reflect.Method.invoke(Method.java:568)
at org.testng.internal.MethodInvocationHelper.invokeMethod(MethodInvocationHelper.java:124)
at org.testng.internal.Invoker.invokeMethod(Invoker.java:583)
at org.testng.internal.Invoker.invokeTestMethod(Invoker.java:719)
at org.testng.internal.Invoker.invokeTestMethods(Invoker.java:989)
at org.testng.internal.TestMethodWorker.invokeTestMethods(TestMethodWorker.java:125)
at org.testng.internal.TestMethodWorker.run(TestMethodWorker.java:109)
at org.testng.TestRunner.privateRun(TestRunner.java:648)
at org.testng.TestRunner.run(TestRunner.java:505)
at org.testng.SuiteRunner.runTest(SuiteRunner.java:455)
at org.testng.SuiteRunner.runSequentially(SuiteRunner.java:450)
at org.testng.SuiteRunner.privateRun(SuiteRunner.java:415)
at org.testng.SuiteRunner.run(SuiteRunner.java:364)
at org.testng.SuiteRunnerWorker.runSuite(SuiteRunnerWorker.java:52)
at org.testng.SuiteRunnerWorker.run(SuiteRunnerWorker.java:84)
at org.testng.TestNG.runSuitesSequentially(TestNG.java:1208)
at org.testng.TestNG.runSuitesLocally(TestNG.java:1137)
at org.testng.TestNG.runSuites(TestNG.java:1049)
at org.testng.TestNG.run(TestNG.java:1017)
at org.testng.remote.AbstractRemoteTestNG.run(AbstractRemoteTestNG.java:115)
at org.testng.remote.RemoteTestNG.initAndRun(RemoteTestNG.java:251)
at org.testng.remote.RemoteTestNG.main(RemoteTestNG.java:77)
]]>
            </full-stacktrace>
          </exception> <!-- org.openqa.selenium.ElementClickInterceptedException -->
          <reporter-output>
          </reporter-output>
        </test-method> <!-- pim -->
        <test-method is-config="true" signature="Closedriver()[pri:0, instance:project2.scenario3@600b90df]" started-at="2022-12-29T15:38:28Z" name="Closedriver" finished-at="2022-12-29T15:38:28Z" duration-ms="123" status="PASS">
          <reporter-output>
          </reporter-output>
        </test-method> <!-- Closedriver -->
      </class> <!-- project2.scenario3 -->
      <class name="project2.scenario4">
        <test-method is-config="true" signature="OpenWebPage()[pri:0, instance:project2.scenario4@7c8c9a05]" started-at="2022-12-29T15:38:28Z" name="OpenWebPage" finished-at="2022-12-29T15:38:34Z" duration-ms="5468" status="PASS">
          <reporter-output>
          </reporter-output>
        </test-method> <!-- OpenWebPage -->
        <test-method signature="adminlogin()[pri:0, instance:project2.scenario4@7c8c9a05]" started-at="2022-12-29T15:38:34Z" name="adminlogin" finished-at="2022-12-29T15:38:37Z" duration-ms="3151" status="PASS">
          <reporter-output>
          </reporter-output>
        </test-method> <!-- adminlogin -->
        <test-method is-config="true" signature="Closedriver()[pri:0, instance:project2.scenario4@7c8c9a05]" started-at="2022-12-29T15:38:37Z" name="Closedriver" finished-at="2022-12-29T15:38:37Z" duration-ms="117" status="PASS">
          <reporter-output>
          </reporter-output>
        </test-method> <!-- Closedriver -->
      </class> <!-- project2.scenario4 -->
      <class name="project2.scenario1">
        <test-method is-config="true" signature="OpenWebPage()[pri:0, instance:project2.scenario1@63f259c3]" started-at="2022-12-29T15:37:18Z" name="OpenWebPage" finished-at="2022-12-29T15:37:27Z" duration-ms="8655" status="PASS">
          <reporter-output>
          </reporter-output>
        </test-method> <!-- OpenWebPage -->
        <test-method signature="adminlogin()[pri:0, instance:project2.scenario1@63f259c3]" started-at="2022-12-29T15:37:27Z" name="adminlogin" finished-at="2022-12-29T15:37:31Z" duration-ms="4872" status="PASS">
          <reporter-output>
          </reporter-output>
        </test-method> <!-- adminlogin -->
        <test-method is-config="true" signature="Closedriver()[pri:0, instance:project2.scenario1@63f259c3]" started-at="2022-12-29T15:37:31Z" name="Closedriver" finished-at="2022-12-29T15:37:32Z" duration-ms="175" status="PASS">
          <reporter-output>
          </reporter-output>
        </test-method> <!-- Closedriver -->
      </class> <!-- project2.scenario1 -->
      <class name="project2.scenario2">
        <test-method is-config="true" signature="OpenWebPage()[pri:0, instance:project2.scenario2@26ceffa8]" started-at="2022-12-29T15:37:32Z" name="OpenWebPage" finished-at="2022-12-29T15:37:39Z" duration-ms="7828" status="PASS">
          <reporter-output>
          </reporter-output>
        </test-method> <!-- OpenWebPage -->
        <test-method signature="pim()[pri:0, instance:project2.scenario2@26ceffa8]" started-at="2022-12-29T15:37:39Z" name="pim" finished-at="2022-12-29T15:38:13Z" duration-ms="33858" status="PASS">
          <reporter-output>
          </reporter-output>
        </test-method> <!-- pim -->
        <test-method is-config="true" signature="Closedriver()[pri:0, instance:project2.scenario2@26ceffa8]" started-at="2022-12-29T15:38:13Z" name="Closedriver" finished-at="2022-12-29T15:38:13Z" duration-ms="179" status="PASS">
          <reporter-output>
          </reporter-output>
        </test-method> <!-- Closedriver -->
      </class> <!-- project2.scenario2 -->
    </test> <!-- Test -->
  </suite> <!-- Suite -->
</testng-results>
